Stmts   Miss  Cover
---------------------------------------------------------------------------------------------------------------------------------
C:\Users\matth\OneDrive\Documents\GitHub\disco-data-processing\src\discoprocess\__init__.py                       1      0   100%
C:\Users\matth\OneDrive\Documents\GitHub\disco-data-processing\src\discoprocess\data_analyze.py                  47      3    94%
C:\Users\matth\OneDrive\Documents\GitHub\disco-data-processing\src\discoprocess\data_merging.py                 269    154    43%
C:\Users\matth\OneDrive\Documents\GitHub\disco-data-processing\src\discoprocess\data_plot.py                    115      4    97%
C:\Users\matth\OneDrive\Documents\GitHub\disco-data-processing\src\discoprocess\data_plot_helpers.py             23      0   100%
C:\Users\matth\OneDrive\Documents\GitHub\disco-data-processing\src\discoprocess\data_wrangling_functions.py     206      6    97%
C:\Users\matth\OneDrive\Documents\GitHub\disco-data-processing\src\discoprocess\data_wrangling_helpers.py       187      3    98%
C:\Users\matth\OneDrive\Documents\GitHub\disco-data-processing\src\standard-figures.py                           52      4    92%
test_data_analyze.py                                                                                             63      0   100%
test_data_merging.py                                                                                             98      0   100%
test_data_plot.py                                                                                                72      0   100%
test_data_wrangling_functions.py                                                                                195      3    98%
test_data_wrangling_helpers.py                                                                                  110      0   100%
test_standard_figures.py                                                                                         17      0   100%
---------------------------------------------------------------------------------------------------------------------------------
TOTAL                                                                                                          1455    177    88%
